<?xml version="1.0" encoding="UTF-8"?>
<!-- Generated by org.testng.reporters.JUnitReportReporter -->
<testsuite hostname="DESKTOP-M1DQVBR" failures="0" tests="1" name="Com.JavaProject.Runner_Calculator" time="0.007" errors="0" timestamp="2022-02-15T16:42:56 CST" skipped="0">
  <testcase classname="Com.JavaProject.Runner_Calculator" name="validateData" time="0.007"/>
  <system-out/>
</testsuite> <!-- Com.JavaProject.Runner_Calculator -->
